<?xml version="1.0" encoding="UTF-8"?>
<testng-results total="6" passed="5" failed="1" skipped="0">
  <reporter-output>
  </reporter-output>
  <suite started-at="2022-04-12T10:53:33Z" name="Suite" finished-at="2022-04-12T10:55:21Z" duration-ms="108129">
    <groups>
    </groups>
    <test started-at="2022-04-12T10:53:33Z" name="Test" finished-at="2022-04-12T10:55:21Z" duration-ms="108129">
      <class name="test.PreferanceTest3">
        <test-method is-config="true" signature="launchApp()[pri:0, instance:test.PreferanceTest3@4ced35ed]" started-at="2022-04-12T16:24:25Z" name="launchApp" finished-at="2022-04-12T16:24:25Z" duration-ms="1" status="PASS">
          <reporter-output>
          </reporter-output>
        </test-method> <!-- launchApp -->
        <test-method signature="defaultPreferenceEdit(java.lang.String)[pri:0, instance:test.PreferanceTest3@4ced35ed]" started-at="2022-04-12T16:24:26Z" name="defaultPreferenceEdit" data-provider="pftData" finished-at="2022-04-12T16:24:53Z" duration-ms="27167" status="PASS">
          <params>
            <param index="0">
              <value>
                <![CDATA[Lion]]>
              </value>
            </param>
          </params>
          <reporter-output>
          </reporter-output>
        </test-method> <!-- defaultPreferenceEdit -->
        <test-method signature="defaultPreferenceEdit(java.lang.String)[pri:0, instance:test.PreferanceTest3@4ced35ed]" started-at="2022-04-12T16:24:53Z" name="defaultPreferenceEdit" data-provider="pftData" finished-at="2022-04-12T16:25:21Z" duration-ms="28289" status="PASS">
          <params>
            <param index="0">
              <value>
                <![CDATA[Leopard]]>
              </value>
            </param>
          </params>
          <reporter-output>
          </reporter-output>
        </test-method> <!-- defaultPreferenceEdit -->
      </class> <!-- test.PreferanceTest3 -->
      <class name="test.PreferanceTest1">
        <test-method is-config="true" signature="launchApp()[pri:0, instance:test.PreferanceTest1@182b435b]" started-at="2022-04-12T16:23:33Z" name="launchApp" finished-at="2022-04-12T16:23:55Z" duration-ms="21465" status="PASS">
          <reporter-output>
          </reporter-output>
        </test-method> <!-- launchApp -->
        <test-method signature="editPreference()[pri:0, instance:test.PreferanceTest1@182b435b]" started-at="2022-04-12T16:23:55Z" name="editPreference" finished-at="2022-04-12T16:24:04Z" duration-ms="9809" status="PASS">
          <reporter-output>
          </reporter-output>
        </test-method> <!-- editPreference -->
        <test-method is-config="true" signature="teardown()[pri:0, instance:test.PreferanceTest1@182b435b]" started-at="2022-04-12T16:25:21Z" name="teardown" finished-at="2022-04-12T16:25:21Z" duration-ms="0" status="PASS">
          <reporter-output>
          </reporter-output>
        </test-method> <!-- teardown -->
        <test-method is-config="true" signature="teardown()[pri:0, instance:test.PreferanceTest3@4ced35ed]" started-at="2022-04-12T16:25:21Z" name="teardown" finished-at="2022-04-12T16:25:21Z" duration-ms="0" status="PASS">
          <reporter-output>
          </reporter-output>
        </test-method> <!-- teardown -->
        <test-method is-config="true" signature="teardown()[pri:0, instance:test.PreferenceTest2@12f3afb5]" started-at="2022-04-12T16:25:21Z" name="teardown" finished-at="2022-04-12T16:25:21Z" duration-ms="0" status="PASS">
          <reporter-output>
          </reporter-output>
        </test-method> <!-- teardown -->
      </class> <!-- test.PreferanceTest1 -->
      <class name="test.PreferenceTest2">
        <test-method is-config="true" signature="launchServer()[pri:0, instance:test.PreferenceTest2@12f3afb5]" started-at="2022-04-12T16:24:04Z" name="launchServer" finished-at="2022-04-12T16:24:22Z" duration-ms="17884" status="PASS">
          <reporter-output>
          </reporter-output>
        </test-method> <!-- launchServer -->
        <test-method signature="preferencePageLine1()[pri:0, instance:test.PreferenceTest2@12f3afb5]" started-at="2022-04-12T16:24:22Z" name="preferencePageLine1" finished-at="2022-04-12T16:24:24Z" duration-ms="1703" status="PASS">
          <reporter-output>
          </reporter-output>
        </test-method> <!-- preferencePageLine1 -->
        <test-method signature="preferencePageLine2()[pri:0, instance:test.PreferenceTest2@12f3afb5]" started-at="2022-04-12T16:24:24Z" name="preferencePageLine2" finished-at="2022-04-12T16:24:24Z" duration-ms="51" status="PASS">
          <reporter-output>
          </reporter-output>
        </test-method> <!-- preferencePageLine2 -->
        <test-method signature="preferencePageLine3()[pri:0, instance:test.PreferenceTest2@12f3afb5]" started-at="2022-04-12T16:24:24Z" name="preferencePageLine3" finished-at="2022-04-12T16:24:24Z" duration-ms="59" status="FAIL">
          <exception class="java.lang.AssertionError">
            <message>
              <![CDATA[expected [5. Default values] but found [4. Default values]]]>
            </message>
            <full-stacktrace>
              <![CDATA[java.lang.AssertionError: expected [5. Default values] but found [4. Default values]
	at org.testng.Assert.fail(Assert.java:94)
	at org.testng.Assert.failNotEquals(Assert.java:494)
	at org.testng.Assert.assertEquals(Assert.java:123)
	at org.testng.Assert.assertEquals(Assert.java:176)
	at org.testng.Assert.assertEquals(Assert.java:186)
	at test.PreferenceTest2.preferencePageLine3(PreferenceTest2.java:69)
	at java.base/jdk.internal.reflect.NativeMethodAccessorImpl.invoke0(Native Method)
	at java.base/jdk.internal.reflect.NativeMethodAccessorImpl.invoke(NativeMethodAccessorImpl.java:62)
	at java.base/jdk.internal.reflect.DelegatingMethodAccessorImpl.invoke(DelegatingMethodAccessorImpl.java:43)
	at java.base/java.lang.reflect.Method.invoke(Method.java:566)
	at org.testng.internal.MethodInvocationHelper.invokeMethod(MethodInvocationHelper.java:84)
	at org.testng.internal.Invoker.invokeMethod(Invoker.java:714)
	at org.testng.internal.Invoker.invokeTestMethod(Invoker.java:901)
	at org.testng.internal.Invoker.invokeTestMethods(Invoker.java:1231)
	at org.testng.internal.TestMethodWorker.invokeTestMethods(TestMethodWorker.java:127)
	at org.testng.internal.TestMethodWorker.run(TestMethodWorker.java:111)
	at org.testng.TestRunner.privateRun(TestRunner.java:767)
	at org.testng.TestRunner.run(TestRunner.java:617)
	at org.testng.SuiteRunner.runTest(SuiteRunner.java:348)
	at org.testng.SuiteRunner.runSequentially(SuiteRunner.java:343)
	at org.testng.SuiteRunner.privateRun(SuiteRunner.java:305)
	at org.testng.SuiteRunner.run(SuiteRunner.java:254)
	at org.testng.SuiteRunnerWorker.runSuite(SuiteRunnerWorker.java:52)
	at org.testng.SuiteRunnerWorker.run(SuiteRunnerWorker.java:86)
	at org.testng.TestNG.runSuitesSequentially(TestNG.java:1224)
	at org.testng.TestNG.runSuitesLocally(TestNG.java:1149)
	at org.testng.TestNG.run(TestNG.java:1057)
	at org.testng.remote.AbstractRemoteTestNG.run(AbstractRemoteTestNG.java:115)
	at org.testng.remote.RemoteTestNG.initAndRun(RemoteTestNG.java:251)
	at org.testng.remote.RemoteTestNG.main(RemoteTestNG.java:77)
]]>
            </full-stacktrace>
          </exception> <!-- java.lang.AssertionError -->
          <reporter-output>
          </reporter-output>
        </test-method> <!-- preferencePageLine3 -->
      </class> <!-- test.PreferenceTest2 -->
    </test> <!-- Test -->
  </suite> <!-- Suite -->
</testng-results>
